[2025-07-09 17:40:35] [INFO] -- Creating cache file
[2025-07-09 17:40:35] [INFO] - Launching the pipeline...
[2025-07-09 17:40:35] [INFO] -- Starting text extraction
[2025-07-09 17:40:35] [INFO] --- PDF metadata: {'format': 'PDF 1.4', 'title': 'The effect of lysergic acid diethylamide (LSD) on whole-brain functional and effective connectivity', 'author': 'Peter Bedford', 'subject': 'Neuropsychopharmacology, doi:10.1038/s41386-023-01574-8', 'keywords': '', 'creator': 'Springer', 'producer': '', 'creationDate': "D:20230605192020+05'30'", 'modDate': "D:20230605192216+05'30'", 'trapped': '', 'encryption': None}
[2025-07-09 17:40:35] [INFO] --- Table of Contents: [[1, 'The effect of lysergic acid diethylamide (LSD) on whole-brain functional and effective connectivity', 1], [2, 'Introduction', 1], [2, 'Materials and methods', 2], [3, 'Participants', 2], [3, 'Experimental procedure', 2], [3, 'Data analysis', 2], [4, 'Functional connectivity', 2], [4, 'Effective connectivity', 2], [4, 'Statistical analysis', 2], [2, 'Results', 2], [3, 'The effect of LSD on functional connectivity', 2], [4, 'Partial least squares correlation analysis', 2], [4, 'Machine learning analysis', 2], [3, 'The effect of LSD on effective connectivity', 3], [4, 'Partial least squares correlation analysis', 3], [4, 'Machine learning analysis', 3], [3, 'Comparing functional vs effective connectivity changes under LSD', 3], [4, 'The effect of LSD on inhibitory self-connections', 3], [4, 'Asymmetry in directed connectivity', 4], [4, 'Comparing functional and effective connectivity classifiers', 5], [2, 'Discussion', 6], [3, 'Face validity of whole-brain effective connectivity', 6], [3, 'Comparison with other studies investigating directed connectivity', 6], [3, 'Implications for the thalamic gating hypothesis and brain entropy accounts', 6], [3, 'Does LSD perturb the excitation/inhibition (E/I) balance?', 7], [3, 'Limitations', 7], [3, 'Future directions', 7], [3, 'Conclusions', 7], [2, 'Author contributions', 8], [2, 'Funding', 9], [2, 'Competing interests', 9], [2, 'ADDITIONAL INFORMATION', 9]]
[2025-07-09 17:40:35] [INFO] --- Page height: 790.8660278320312
[2025-07-09 17:40:36] [INFO] --- Main font size is 9
[2025-07-09 17:40:37] [INFO] -- Text extracted and structured
[2025-07-09 17:40:37] [INFO] -- Starting summary and Q&A generation
[2025-07-09 18:01:01] [INFO] -- Finished summary and Q&A generation
[2025-07-09 18:01:01] [INFO] -- Generating MD file
[2025-07-09 18:16:28] [INFO] -- Creating cache file
[2025-07-09 18:16:28] [INFO] - Launching the pipeline...
[2025-07-09 18:16:28] [INFO] -- Starting text extraction
[2025-07-09 18:16:28] [INFO] --- PDF metadata: {'format': 'PDF 1.4', 'title': 'The effect of lysergic acid diethylamide (LSD) on whole-brain functional and effective connectivity', 'author': 'Peter Bedford', 'subject': 'Neuropsychopharmacology, doi:10.1038/s41386-023-01574-8', 'keywords': '', 'creator': 'Springer', 'producer': '', 'creationDate': "D:20230605192020+05'30'", 'modDate': "D:20230605192216+05'30'", 'trapped': '', 'encryption': None}
[2025-07-09 18:16:28] [INFO] --- Table of Contents: [[1, 'The effect of lysergic acid diethylamide (LSD) on whole-brain functional and effective connectivity', 1], [2, 'Introduction', 1], [2, 'Materials and methods', 2], [3, 'Participants', 2], [3, 'Experimental procedure', 2], [3, 'Data analysis', 2], [4, 'Functional connectivity', 2], [4, 'Effective connectivity', 2], [4, 'Statistical analysis', 2], [2, 'Results', 2], [3, 'The effect of LSD on functional connectivity', 2], [4, 'Partial least squares correlation analysis', 2], [4, 'Machine learning analysis', 2], [3, 'The effect of LSD on effective connectivity', 3], [4, 'Partial least squares correlation analysis', 3], [4, 'Machine learning analysis', 3], [3, 'Comparing functional vs effective connectivity changes under LSD', 3], [4, 'The effect of LSD on inhibitory self-connections', 3], [4, 'Asymmetry in directed connectivity', 4], [4, 'Comparing functional and effective connectivity classifiers', 5], [2, 'Discussion', 6], [3, 'Face validity of whole-brain effective connectivity', 6], [3, 'Comparison with other studies investigating directed connectivity', 6], [3, 'Implications for the thalamic gating hypothesis and brain entropy accounts', 6], [3, 'Does LSD perturb the excitation/inhibition (E/I) balance?', 7], [3, 'Limitations', 7], [3, 'Future directions', 7], [3, 'Conclusions', 7], [2, 'Author contributions', 8], [2, 'Funding', 9], [2, 'Competing interests', 9], [2, 'ADDITIONAL INFORMATION', 9]]
[2025-07-09 18:16:28] [INFO] --- Page height: 790.8660278320312
[2025-07-09 18:16:29] [INFO] --- Main font size is 9
[2025-07-09 18:16:30] [INFO] -- Text extracted and structured
[2025-07-09 18:16:30] [INFO] -- Starting summary and Q&A generation
[2025-07-09 18:18:03] [INFO] --- Generating summary of section introduction
[2025-07-09 18:19:12] [INFO] --- Generating Q&A of section introduction
[2025-07-09 18:21:32] [INFO] --- Generating summary of section materials and methods
[2025-07-09 18:23:45] [INFO] --- Generating Q&A of section materials and methods
[2025-07-09 18:27:19] [INFO] --- Generating summary of section results
[2025-07-09 18:30:27] [INFO] --- Generating Q&A of section results
[2025-07-09 18:33:10] [INFO] --- Generating summary of section discussion
[2025-07-09 18:36:45] [INFO] --- Generating Q&A of section discussion
[2025-07-09 18:36:45] [INFO] -- Finished summary and Q&A generation
[2025-07-09 18:36:45] [INFO] -- Generating MD file
[2025-07-09 18:36:45] [INFO] -- MD file generated
[2025-07-09 18:36:45] [WARNING] ==== DONE ====
[2025-07-09 19:07:30] [INFO] -- Creating cache file
[2025-07-09 19:07:30] [INFO] - Launching the pipeline...
[2025-07-09 19:07:30] [INFO] -- Starting text extraction
[2025-07-09 19:07:30] [INFO] --- PDF metadata: {'format': 'PDF 1.4', 'title': 'The effect of lysergic acid diethylamide (LSD) on whole-brain functional and effective connectivity', 'author': 'Peter Bedford', 'subject': 'Neuropsychopharmacology, doi:10.1038/s41386-023-01574-8', 'keywords': '', 'creator': 'Springer', 'producer': '', 'creationDate': "D:20230605192020+05'30'", 'modDate': "D:20230605192216+05'30'", 'trapped': '', 'encryption': None}
[2025-07-09 19:07:30] [INFO] --- Table of Contents: [[1, 'The effect of lysergic acid diethylamide (LSD) on whole-brain functional and effective connectivity', 1], [2, 'Introduction', 1], [2, 'Materials and methods', 2], [3, 'Participants', 2], [3, 'Experimental procedure', 2], [3, 'Data analysis', 2], [4, 'Functional connectivity', 2], [4, 'Effective connectivity', 2], [4, 'Statistical analysis', 2], [2, 'Results', 2], [3, 'The effect of LSD on functional connectivity', 2], [4, 'Partial least squares correlation analysis', 2], [4, 'Machine learning analysis', 2], [3, 'The effect of LSD on effective connectivity', 3], [4, 'Partial least squares correlation analysis', 3], [4, 'Machine learning analysis', 3], [3, 'Comparing functional vs effective connectivity changes under LSD', 3], [4, 'The effect of LSD on inhibitory self-connections', 3], [4, 'Asymmetry in directed connectivity', 4], [4, 'Comparing functional and effective connectivity classifiers', 5], [2, 'Discussion', 6], [3, 'Face validity of whole-brain effective connectivity', 6], [3, 'Comparison with other studies investigating directed connectivity', 6], [3, 'Implications for the thalamic gating hypothesis and brain entropy accounts', 6], [3, 'Does LSD perturb the excitation/inhibition (E/I) balance?', 7], [3, 'Limitations', 7], [3, 'Future directions', 7], [3, 'Conclusions', 7], [2, 'Author contributions', 8], [2, 'Funding', 9], [2, 'Competing interests', 9], [2, 'ADDITIONAL INFORMATION', 9]]
[2025-07-09 19:07:30] [INFO] --- Page height: 790.8660278320312
[2025-07-09 19:07:31] [INFO] --- Main font size is 9
[2025-07-09 19:07:32] [INFO] -- Text extracted and structured
[2025-07-09 19:07:32] [INFO] -- Starting summary and Q&A generation
